Using pre-set license
Built from '2020.3/china_unity/release' branch; Version is '2020.3.11f1c1 (77449f27ef9b) revision 7816351'; Using compiler version '192528614'; Build Type 'Release'
OS: 'Windows 7  (6.1.0) 64bit' Language: 'zh' Physical Memory: 8130 MB
BatchMode: 1, IsHumanControllingUs: 0, StartBugReporterOnCrash: 0, Is64bit: 1, IsPro: 0

 COMMAND LINE ARGUMENTS:
d:\Program Files\UnityIde\2020.3.11f1c1\Editor\Unity.exe
-adb2
-batchMode
-noUpm
-name
AssetImportWorker4
-projectPath
D:/UnityProject/Air-Combat
-logFile
Logs/AssetImportWorker4.log
-srvPort
10600
Successfully changed project path to: D:/UnityProject/Air-Combat
D:/UnityProject/Air-Combat
Using Asset Import Pipeline V2.
Refreshing native plugins compatible for Editor in 49.69 ms, found 3 plugins.
Preloading 0 native plugins for Editor in 0.00 ms.
Initialize engine version: 2020.3.11f1c1 (77449f27ef9b)
[Subsystems] Discovering subsystems at path d:/Program Files/UnityIde/2020.3.11f1c1/Editor/Data/Resources/UnitySubsystems
[Subsystems] Discovering subsystems at path D:/UnityProject/Air-Combat/Assets
GfxDevice: creating device client; threaded=0
d3d11: CreateDXGIFactory2(...) not found, fallbacking to CreateDXGIFactory1(...).
d3d11: QueryInterface(IDXGIFactory5) failed (80004002).
Direct3D:
    Version:  Direct3D 11.0 [level 11.0]
    Renderer: NVIDIA GeForce GTX 750 (ID=0x1381)
    Vendor:   
    VRAM:     963 MB
    Driver:   23.21.13.9135
Initialize mono
Mono path[0] = 'd:/Program Files/UnityIde/2020.3.11f1c1/Editor/Data/Managed'
Mono path[1] = 'd:/Program Files/UnityIde/2020.3.11f1c1/Editor/Data/MonoBleedingEdge/lib/mono/unityjit'
Mono config path = 'd:/Program Files/UnityIde/2020.3.11f1c1/Editor/Data/MonoBleedingEdge/etc'
Using monoOptions --debugger-agent=transport=dt_socket,embedding=1,server=y,suspend=n,address=127.0.0.1:56664
Begin MonoManager ReloadAssembly
Registering precompiled unity dll's ...
Register platform support module: d:/Program Files/UnityIde/2020.3.11f1c1/Editor/Data/PlaybackEngines/WebGLSupport/UnityEditor.WebGL.Extensions.dll
Register platform support module: d:/Program Files/UnityIde/2020.3.11f1c1/Editor/Data/PlaybackEngines/WindowsStandaloneSupport/UnityEditor.WindowsStandalone.Extensions.dll
Registered in 0.001318 seconds.
Native extension for WindowsStandalone target not found
Native extension for WebGL target not found
Refreshing native plugins compatible for Editor in 50.00 ms, found 3 plugins.
Preloading 0 native plugins for Editor in 0.00 ms.
Mono: successfully reloaded assembly
- Completed reload, in  2.344 seconds
Platform modules already initialized, skipping
Registering precompiled user dll's ...
Registered in 0.003775 seconds.
Begin MonoManager ReloadAssembly
Native extension for WindowsStandalone target not found
Native extension for WebGL target not found
Refreshing native plugins compatible for Editor in 48.58 ms, found 3 plugins.
Preloading 0 native plugins for Editor in 0.00 ms.
Mono: successfully reloaded assembly
- Completed reload, in  2.916 seconds
Platform modules already initialized, skipping
========================================================================
Worker process is ready to serve import requests
Launched and connected shader compiler UnityShaderCompiler.exe after 1.89 seconds
Refreshing native plugins compatible for Editor in 0.52 ms, found 3 plugins.
Preloading 0 native plugins for Editor in 0.00 ms.
Unloading 2089 Unused Serialized files (Serialized files now loaded: 0)
System memory in use before: 104.4 MB.
System memory in use after: 104.5 MB.

Unloading 27 unused Assets to reduce memory usage. Loaded Objects now: 2534.
Total: 3.793032 ms (FindLiveObjects: 0.466993 ms CreateObjectMapping: 0.305662 ms MarkObjects: 2.975154 ms  DeleteObjects: 0.043299 ms)

========================================================================
Received Import Request.
  path: Assets/Script/Bullet.cs
  artifactKey: Guid(a94ee003871137b45908d10e4dade536) Importer(815301076,1909f56bfc062723c751e8b465ee728b)
Start importing Assets/Script/Bullet.cs using Guid(a94ee003871137b45908d10e4dade536) Importer(815301076,1909f56bfc062723c751e8b465ee728b)  -> (artifact id: '4eb8cb194f7437c72161769bb232d803') in 0.901799 seconds
  Import took 0.915003 seconds .

========================================================================
Received Import Request.
  Time since last request: 0.000236 seconds.
  path: Assets/Script/Enemy.cs
  artifactKey: Guid(00ebfcbf992d1bb41a77b6c4ca69d12d) Importer(815301076,1909f56bfc062723c751e8b465ee728b)
Start importing Assets/Script/Enemy.cs using Guid(00ebfcbf992d1bb41a77b6c4ca69d12d) Importer(815301076,1909f56bfc062723c751e8b465ee728b)  -> (artifact id: 'cd2b95b1f267e8089def6a0dba0926f9') in 0.002381 seconds
  Import took 0.031352 seconds .

========================================================================
Received Import Request.
  Time since last request: 878.595313 seconds.
  path: Assets/Script/BattleshipEnemy.cs
  artifactKey: Guid(e352d9dede7fac242922028f81f9c357) Importer(815301076,1909f56bfc062723c751e8b465ee728b)
Start importing Assets/Script/BattleshipEnemy.cs using Guid(e352d9dede7fac242922028f81f9c357) Importer(815301076,1909f56bfc062723c751e8b465ee728b)  -> (artifact id: '69563cd8289ce479fca1834839bca3bf') in 0.005930 seconds
  Import took 0.017409 seconds .

========================================================================
Received Prepare
Registering precompiled user dll's ...
Registered in 0.003611 seconds.
Begin MonoManager ReloadAssembly
Native extension for WindowsStandalone target not found
Native extension for WebGL target not found
Refreshing native plugins compatible for Editor in 0.67 ms, found 3 plugins.
Preloading 0 native plugins for Editor in 0.00 ms.
Mono: successfully reloaded assembly
- Completed reload, in  1.669 seconds
Platform modules already initialized, skipping
Refreshing native plugins compatible for Editor in 0.73 ms, found 3 plugins.
Preloading 0 native plugins for Editor in 0.00 ms.
Unloading 2080 Unused Serialized files (Serialized files now loaded: 0)
System memory in use before: 103.9 MB.
System memory in use after: 104.0 MB.

Unloading 16 unused Assets to reduce memory usage. Loaded Objects now: 2539.
Total: 6.180276 ms (FindLiveObjects: 0.527291 ms CreateObjectMapping: 0.245684 ms MarkObjects: 5.372661 ms  DeleteObjects: 0.031111 ms)

========================================================================
Received Prepare
Registering precompiled user dll's ...
Registered in 0.003587 seconds.
Begin MonoManager ReloadAssembly
Native extension for WindowsStandalone target not found
Native extension for WebGL target not found
Refreshing native plugins compatible for Editor in 0.53 ms, found 3 plugins.
Preloading 0 native plugins for Editor in 0.00 ms.
Mono: successfully reloaded assembly
- Completed reload, in  1.162 seconds
Platform modules already initialized, skipping
Refreshing native plugins compatible for Editor in 0.53 ms, found 3 plugins.
Preloading 0 native plugins for Editor in 0.00 ms.
Unloading 2080 Unused Serialized files (Serialized files now loaded: 0)
System memory in use before: 104.0 MB.
System memory in use after: 104.1 MB.

Unloading 16 unused Assets to reduce memory usage. Loaded Objects now: 2543.
Total: 3.257723 ms (FindLiveObjects: 0.317850 ms CreateObjectMapping: 0.280645 ms MarkObjects: 2.600854 ms  DeleteObjects: 0.057091 ms)

========================================================================
Received Import Request.
  Time since last request: 97.975178 seconds.
  path: Assets/Script/BattleshipEnemy.cs
  artifactKey: Guid(e352d9dede7fac242922028f81f9c357) Importer(815301076,1909f56bfc062723c751e8b465ee728b)
Start importing Assets/Script/BattleshipEnemy.cs using Guid(e352d9dede7fac242922028f81f9c357) Importer(815301076,1909f56bfc062723c751e8b465ee728b)  -> (artifact id: 'f49cf638c80300de904624f921ba8c62') in 0.006244 seconds
  Import took 0.010339 seconds .

========================================================================
Received Prepare
Registering precompiled user dll's ...
Registered in 0.003581 seconds.
Begin MonoManager ReloadAssembly
Native extension for WindowsStandalone target not found
Native extension for WebGL target not found
Refreshing native plugins compatible for Editor in 0.71 ms, found 3 plugins.
Preloading 0 native plugins for Editor in 0.00 ms.
Mono: successfully reloaded assembly
- Completed reload, in  1.214 seconds
Platform modules already initialized, skipping
Refreshing native plugins compatible for Editor in 0.60 ms, found 3 plugins.
Preloading 0 native plugins for Editor in 0.00 ms.
Unloading 2080 Unused Serialized files (Serialized files now loaded: 0)
System memory in use before: 104.0 MB.
System memory in use after: 104.1 MB.

Unloading 16 unused Assets to reduce memory usage. Loaded Objects now: 2547.
Total: 3.030000 ms (FindLiveObjects: 0.243439 ms CreateObjectMapping: 0.117710 ms MarkObjects: 2.633569 ms  DeleteObjects: 0.033677 ms)

========================================================================
Received Import Request.
  Time since last request: 29.398071 seconds.
  path: Assets/Script/BattleshipEnemy.cs
  artifactKey: Guid(e352d9dede7fac242922028f81f9c357) Importer(815301076,1909f56bfc062723c751e8b465ee728b)
Start importing Assets/Script/BattleshipEnemy.cs using Guid(e352d9dede7fac242922028f81f9c357) Importer(815301076,1909f56bfc062723c751e8b465ee728b)  -> (artifact id: 'ca74d8efa2b609a69c4faa22ec3e34af') in 0.006486 seconds
  Import took 0.015099 seconds .

========================================================================
Received Import Request.
  Time since last request: 415.493592 seconds.
  path: Assets/Prefab/BattleshipEnemy.prefab
  artifactKey: Guid(e4523893de147b749ba74d7066fde869) Importer(815301076,1909f56bfc062723c751e8b465ee728b)
Start importing Assets/Prefab/BattleshipEnemy.prefab using Guid(e4523893de147b749ba74d7066fde869) Importer(815301076,1909f56bfc062723c751e8b465ee728b)  -> (artifact id: '827cad118ec1864bcdc018d8e054ce07') in 0.442560 seconds
  Import took 0.447602 seconds .

========================================================================
Received Import Request.
  Time since last request: 169.740957 seconds.
  path: Assets/Prefab/BattleshipEnemy.prefab
  artifactKey: Guid(e4523893de147b749ba74d7066fde869) Importer(815301076,1909f56bfc062723c751e8b465ee728b)
Start importing Assets/Prefab/BattleshipEnemy.prefab using Guid(e4523893de147b749ba74d7066fde869) Importer(815301076,1909f56bfc062723c751e8b465ee728b)  -> (artifact id: '4a0ba93c296bb5b619f7f78ed8bf1970') in 0.017406 seconds
  Import took 0.023797 seconds .

========================================================================
Received Prepare
Registering precompiled user dll's ...
Registered in 0.003153 seconds.
Begin MonoManager ReloadAssembly
Native extension for WindowsStandalone target not found
Native extension for WebGL target not found
Refreshing native plugins compatible for Editor in 0.66 ms, found 3 plugins.
Preloading 0 native plugins for Editor in 0.00 ms.
Mono: successfully reloaded assembly
- Completed reload, in  1.226 seconds
Platform modules already initialized, skipping
Refreshing native plugins compatible for Editor in 0.60 ms, found 3 plugins.
Preloading 0 native plugins for Editor in 0.00 ms.
Unloading 2080 Unused Serialized files (Serialized files now loaded: 0)
System memory in use before: 107.0 MB.
System memory in use after: 107.1 MB.

Unloading 16 unused Assets to reduce memory usage. Loaded Objects now: 2558.
Total: 3.499558 ms (FindLiveObjects: 0.238949 ms CreateObjectMapping: 0.147539 ms MarkObjects: 3.077790 ms  DeleteObjects: 0.033998 ms)

========================================================================
Received Import Request.
  Time since last request: 86.943817 seconds.
  path: Assets/Prefab/BattleshipEnemy.prefab
  artifactKey: Guid(e4523893de147b749ba74d7066fde869) Importer(815301076,1909f56bfc062723c751e8b465ee728b)
Start importing Assets/Prefab/BattleshipEnemy.prefab using Guid(e4523893de147b749ba74d7066fde869) Importer(815301076,1909f56bfc062723c751e8b465ee728b)  -> (artifact id: '64db0d0d0b32a52a686eeb11703f1baf') in 0.083330 seconds
  Import took 0.101725 seconds .

========================================================================
Received Prepare
Registering precompiled user dll's ...
Registered in 0.003380 seconds.
Begin MonoManager ReloadAssembly
Native extension for WindowsStandalone target not found
Native extension for WebGL target not found
Refreshing native plugins compatible for Editor in 0.58 ms, found 3 plugins.
Preloading 0 native plugins for Editor in 0.00 ms.
Mono: successfully reloaded assembly
- Completed reload, in  1.195 seconds
Platform modules already initialized, skipping
Refreshing native plugins compatible for Editor in 0.60 ms, found 3 plugins.
Preloading 0 native plugins for Editor in 0.00 ms.
Unloading 2080 Unused Serialized files (Serialized files now loaded: 0)
System memory in use before: 107.0 MB.
System memory in use after: 107.2 MB.

Unloading 16 unused Assets to reduce memory usage. Loaded Objects now: 2563.
Total: 3.620797 ms (FindLiveObjects: 0.323623 ms CreateObjectMapping: 0.203347 ms MarkObjects: 3.065281 ms  DeleteObjects: 0.026621 ms)

========================================================================
Received Prepare
Registering precompiled user dll's ...
Registered in 0.003343 seconds.
Begin MonoManager ReloadAssembly
Native extension for WindowsStandalone target not found
Native extension for WebGL target not found
Refreshing native plugins compatible for Editor in 0.59 ms, found 3 plugins.
Preloading 0 native plugins for Editor in 0.00 ms.
Mono: successfully reloaded assembly
- Completed reload, in  1.158 seconds
Platform modules already initialized, skipping
Refreshing native plugins compatible for Editor in 0.58 ms, found 3 plugins.
Preloading 0 native plugins for Editor in 0.00 ms.
Unloading 2080 Unused Serialized files (Serialized files now loaded: 0)
System memory in use before: 107.0 MB.
System memory in use after: 107.2 MB.

Unloading 16 unused Assets to reduce memory usage. Loaded Objects now: 2567.
Total: 2.987983 ms (FindLiveObjects: 0.248571 ms CreateObjectMapping: 0.126370 ms MarkObjects: 2.587062 ms  DeleteObjects: 0.024055 ms)

========================================================================
Received Import Request.
  Time since last request: 138.831721 seconds.
  path: Assets/Prefab/BattleshipEnemy.prefab
  artifactKey: Guid(e4523893de147b749ba74d7066fde869) Importer(815301076,1909f56bfc062723c751e8b465ee728b)
Start importing Assets/Prefab/BattleshipEnemy.prefab using Guid(e4523893de147b749ba74d7066fde869) Importer(815301076,1909f56bfc062723c751e8b465ee728b)  -> (artifact id: 'e74d55df8d43d034e4999a44aaef9d21') in 0.079047 seconds
  Import took 0.094341 seconds .

========================================================================
Received Prepare
Registering precompiled user dll's ...
Registered in 0.003535 seconds.
Begin MonoManager ReloadAssembly
Native extension for WindowsStandalone target not found
Native extension for WebGL target not found
Refreshing native plugins compatible for Editor in 0.68 ms, found 3 plugins.
Preloading 0 native plugins for Editor in 0.00 ms.
Mono: successfully reloaded assembly
- Completed reload, in  1.185 seconds
Platform modules already initialized, skipping
Refreshing native plugins compatible for Editor in 0.56 ms, found 3 plugins.
Preloading 0 native plugins for Editor in 0.00 ms.
Unloading 2080 Unused Serialized files (Serialized files now loaded: 0)
System memory in use before: 107.1 MB.
System memory in use after: 107.2 MB.

Unloading 16 unused Assets to reduce memory usage. Loaded Objects now: 2572.
Total: 3.909139 ms (FindLiveObjects: 0.262363 ms CreateObjectMapping: 0.098466 ms MarkObjects: 3.517840 ms  DeleteObjects: 0.028225 ms)

========================================================================
Received Import Request.
  Time since last request: 58.711390 seconds.
  path: Assets/Prefab/AimTurretEnemy.prefab
  artifactKey: Guid(8922c66f558f6be4a8281aa6cc9baf72) Importer(815301076,1909f56bfc062723c751e8b465ee728b)
Start importing Assets/Prefab/AimTurretEnemy.prefab using Guid(8922c66f558f6be4a8281aa6cc9baf72) Importer(815301076,1909f56bfc062723c751e8b465ee728b)  -> (artifact id: '3988acedef85b5f521558462884ccc94') in 0.061357 seconds
  Import took 0.066018 seconds .

========================================================================
Received Import Request.
  Time since last request: 0.000174 seconds.
  path: Assets/Prefab/BattleshipEnemy.prefab
  artifactKey: Guid(e4523893de147b749ba74d7066fde869) Importer(815301076,1909f56bfc062723c751e8b465ee728b)
Start importing Assets/Prefab/BattleshipEnemy.prefab using Guid(e4523893de147b749ba74d7066fde869) Importer(815301076,1909f56bfc062723c751e8b465ee728b)  -> (artifact id: 'e3ecc80ba411abcdd31e7e898b125407') in 0.016128 seconds
  Import took 0.020937 seconds .

========================================================================
Received Prepare
Registering precompiled user dll's ...
Registered in 0.003382 seconds.
Begin MonoManager ReloadAssembly
Native extension for WindowsStandalone target not found
Native extension for WebGL target not found
Refreshing native plugins compatible for Editor in 0.61 ms, found 3 plugins.
Preloading 0 native plugins for Editor in 0.00 ms.
Mono: successfully reloaded assembly
- Completed reload, in  1.194 seconds
Platform modules already initialized, skipping
Refreshing native plugins compatible for Editor in 0.57 ms, found 3 plugins.
Preloading 0 native plugins for Editor in 0.00 ms.
Unloading 2080 Unused Serialized files (Serialized files now loaded: 0)
System memory in use before: 107.1 MB.
System memory in use after: 107.2 MB.

Unloading 16 unused Assets to reduce memory usage. Loaded Objects now: 2577.
Total: 3.036735 ms (FindLiveObjects: 0.313360 ms CreateObjectMapping: 0.195649 ms MarkObjects: 2.501105 ms  DeleteObjects: 0.024697 ms)

========================================================================
Received Prepare
Registering precompiled user dll's ...
Registered in 0.003152 seconds.
Begin MonoManager ReloadAssembly
Native extension for WindowsStandalone target not found
Native extension for WebGL target not found
Refreshing native plugins compatible for Editor in 0.61 ms, found 3 plugins.
Preloading 0 native plugins for Editor in 0.00 ms.
Mono: successfully reloaded assembly
- Completed reload, in  1.179 seconds
Platform modules already initialized, skipping
Refreshing native plugins compatible for Editor in 0.59 ms, found 3 plugins.
Preloading 0 native plugins for Editor in 0.00 ms.
Unloading 2080 Unused Serialized files (Serialized files now loaded: 0)
System memory in use before: 107.1 MB.
System memory in use after: 107.2 MB.

Unloading 16 unused Assets to reduce memory usage. Loaded Objects now: 2581.
Total: 3.720546 ms (FindLiveObjects: 0.339339 ms CreateObjectMapping: 0.197574 ms MarkObjects: 3.143220 ms  DeleteObjects: 0.037847 ms)

========================================================================
Received Prepare
Registering precompiled user dll's ...
Registered in 0.003336 seconds.
Begin MonoManager ReloadAssembly
Native extension for WindowsStandalone target not found
Native extension for WebGL target not found
Refreshing native plugins compatible for Editor in 0.76 ms, found 3 plugins.
Preloading 0 native plugins for Editor in 0.00 ms.
Mono: successfully reloaded assembly
- Completed reload, in  1.195 seconds
Platform modules already initialized, skipping
Refreshing native plugins compatible for Editor in 0.61 ms, found 3 plugins.
Preloading 0 native plugins for Editor in 0.00 ms.
Unloading 2080 Unused Serialized files (Serialized files now loaded: 0)
System memory in use before: 107.1 MB.
System memory in use after: 107.2 MB.

Unloading 16 unused Assets to reduce memory usage. Loaded Objects now: 2585.
Total: 2.812861 ms (FindLiveObjects: 0.229647 ms CreateObjectMapping: 0.097825 ms MarkObjects: 2.450429 ms  DeleteObjects: 0.033036 ms)

========================================================================
Received Prepare
Registering precompiled user dll's ...
Registered in 0.003325 seconds.
Begin MonoManager ReloadAssembly
Native extension for WindowsStandalone target not found
Native extension for WebGL target not found
Refreshing native plugins compatible for Editor in 0.60 ms, found 3 plugins.
Preloading 0 native plugins for Editor in 0.00 ms.
Mono: successfully reloaded assembly
- Completed reload, in  1.215 seconds
Platform modules already initialized, skipping
Refreshing native plugins compatible for Editor in 0.61 ms, found 3 plugins.
Preloading 0 native plugins for Editor in 0.00 ms.
Unloading 2080 Unused Serialized files (Serialized files now loaded: 0)
System memory in use before: 107.1 MB.
System memory in use after: 107.2 MB.

Unloading 16 unused Assets to reduce memory usage. Loaded Objects now: 2589.
Total: 3.394036 ms (FindLiveObjects: 0.312077 ms CreateObjectMapping: 0.203026 ms MarkObjects: 2.845255 ms  DeleteObjects: 0.032394 ms)

========================================================================
Received Prepare
Registering precompiled user dll's ...
Registered in 0.003462 seconds.
Begin MonoManager ReloadAssembly
Native extension for WindowsStandalone target not found
Native extension for WebGL target not found
Refreshing native plugins compatible for Editor in 0.57 ms, found 3 plugins.
Preloading 0 native plugins for Editor in 0.00 ms.
Mono: successfully reloaded assembly
- Completed reload, in  1.198 seconds
Platform modules already initialized, skipping
Refreshing native plugins compatible for Editor in 0.62 ms, found 3 plugins.
Preloading 0 native plugins for Editor in 0.00 ms.
Unloading 2080 Unused Serialized files (Serialized files now loaded: 0)
System memory in use before: 107.1 MB.
System memory in use after: 107.2 MB.

Unloading 16 unused Assets to reduce memory usage. Loaded Objects now: 2593.
Total: 3.168558 ms (FindLiveObjects: 0.213931 ms CreateObjectMapping: 0.092051 ms MarkObjects: 2.828256 ms  DeleteObjects: 0.033036 ms)

========================================================================
Received Import Request.
  Time since last request: 330.997119 seconds.
  path: Assets/Prefab/BattleshipEnemy.prefab
  artifactKey: Guid(e4523893de147b749ba74d7066fde869) Importer(815301076,1909f56bfc062723c751e8b465ee728b)
Start importing Assets/Prefab/BattleshipEnemy.prefab using Guid(e4523893de147b749ba74d7066fde869) Importer(815301076,1909f56bfc062723c751e8b465ee728b)  -> (artifact id: '39da02ead7955b065419f488d6acf8e1') in 0.073868 seconds
  Import took 0.078771 seconds .

========================================================================
Received Prepare
Registering precompiled user dll's ...
Registered in 0.003452 seconds.
Begin MonoManager ReloadAssembly
Native extension for WindowsStandalone target not found
Native extension for WebGL target not found
Refreshing native plugins compatible for Editor in 0.57 ms, found 3 plugins.
Preloading 0 native plugins for Editor in 0.00 ms.
Mono: successfully reloaded assembly
- Completed reload, in  1.197 seconds
Platform modules already initialized, skipping
Refreshing native plugins compatible for Editor in 0.57 ms, found 3 plugins.
Preloading 0 native plugins for Editor in 0.00 ms.
Unloading 2080 Unused Serialized files (Serialized files now loaded: 0)
System memory in use before: 107.1 MB.
System memory in use after: 107.2 MB.

Unloading 16 unused Assets to reduce memory usage. Loaded Objects now: 2598.
Total: 3.052451 ms (FindLiveObjects: 0.291550 ms CreateObjectMapping: 0.093655 ms MarkObjects: 2.637739 ms  DeleteObjects: 0.027904 ms)

========================================================================
Received Import Request.
  Time since last request: 41.060052 seconds.
  path: ProjectSettings/TagManager.asset
  artifactKey: Guid(00000000000000003000000000000000) Importer(815301076,1909f56bfc062723c751e8b465ee728b)
Start importing ProjectSettings/TagManager.asset using Guid(00000000000000003000000000000000) Importer(815301076,1909f56bfc062723c751e8b465ee728b)  -> (artifact id: '1fb6fc254a8d3193661005e42d4167d2') in 0.019178 seconds
  Import took 0.023799 seconds .

========================================================================
Received Import Request.
  Time since last request: 0.005474 seconds.
  path: ProjectSettings/TagManager.asset
  artifactKey: Guid(00000000000000003000000000000000) Importer(815301076,1909f56bfc062723c751e8b465ee728b)
Start importing ProjectSettings/TagManager.asset using Guid(00000000000000003000000000000000) Importer(815301076,1909f56bfc062723c751e8b465ee728b)  -> (artifact id: '1fb6fc254a8d3193661005e42d4167d2') in 0.003070 seconds
  Import took 0.007466 seconds .

========================================================================
Received Import Request.
  Time since last request: 9.535942 seconds.
  path: ProjectSettings/TagManager.asset
  artifactKey: Guid(00000000000000003000000000000000) Importer(815301076,1909f56bfc062723c751e8b465ee728b)
Start importing ProjectSettings/TagManager.asset using Guid(00000000000000003000000000000000) Importer(815301076,1909f56bfc062723c751e8b465ee728b)  -> (artifact id: '0e5e560118f5af78944fa8cb6e3b2e41') in 0.004219 seconds
  Import took 0.024485 seconds .

========================================================================
Received Prepare
Registering precompiled user dll's ...
Registered in 0.003297 seconds.
Begin MonoManager ReloadAssembly
Native extension for WindowsStandalone target not found
Native extension for WebGL target not found
Refreshing native plugins compatible for Editor in 0.63 ms, found 3 plugins.
Preloading 0 native plugins for Editor in 0.00 ms.
Mono: successfully reloaded assembly
- Completed reload, in  1.170 seconds
Platform modules already initialized, skipping
Refreshing native plugins compatible for Editor in 0.58 ms, found 3 plugins.
Preloading 0 native plugins for Editor in 0.00 ms.
Unloading 2080 Unused Serialized files (Serialized files now loaded: 0)
System memory in use before: 107.1 MB.
System memory in use after: 107.3 MB.

Unloading 19 unused Assets to reduce memory usage. Loaded Objects now: 2602.
Total: 4.217367 ms (FindLiveObjects: 0.288342 ms CreateObjectMapping: 0.215214 ms MarkObjects: 3.687189 ms  DeleteObjects: 0.025659 ms)

========================================================================
Received Prepare
Registering precompiled user dll's ...
Registered in 0.003616 seconds.
Begin MonoManager ReloadAssembly
Native extension for WindowsStandalone target not found
Native extension for WebGL target not found
Refreshing native plugins compatible for Editor in 0.57 ms, found 3 plugins.
Preloading 0 native plugins for Editor in 0.00 ms.
Mono: successfully reloaded assembly
- Completed reload, in  1.177 seconds
Platform modules already initialized, skipping
Refreshing native plugins compatible for Editor in 0.72 ms, found 3 plugins.
Preloading 0 native plugins for Editor in 0.00 ms.
Unloading 2080 Unused Serialized files (Serialized files now loaded: 0)
System memory in use before: 107.1 MB.
System memory in use after: 107.3 MB.

Unloading 16 unused Assets to reduce memory usage. Loaded Objects now: 2606.
Total: 3.137126 ms (FindLiveObjects: 0.228685 ms CreateObjectMapping: 0.096542 ms MarkObjects: 2.777901 ms  DeleteObjects: 0.032394 ms)

========================================================================
Received Import Request.
  Time since last request: 249.376550 seconds.
  path: Assets/Prefab/BattleshipEnemy.prefab
  artifactKey: Guid(e4523893de147b749ba74d7066fde869) Importer(815301076,1909f56bfc062723c751e8b465ee728b)
Start importing Assets/Prefab/BattleshipEnemy.prefab using Guid(e4523893de147b749ba74d7066fde869) Importer(815301076,1909f56bfc062723c751e8b465ee728b)  -> (artifact id: '13c6ef722a1e723d60b868ba3a260a71') in 0.065887 seconds
  Import took 0.070518 seconds .

========================================================================
Received Prepare
Registering precompiled user dll's ...
Registered in 0.003824 seconds.
Begin MonoManager ReloadAssembly
Native extension for WindowsStandalone target not found
Native extension for WebGL target not found
Refreshing native plugins compatible for Editor in 0.58 ms, found 3 plugins.
Preloading 0 native plugins for Editor in 0.00 ms.
Mono: successfully reloaded assembly
- Completed reload, in  1.194 seconds
Platform modules already initialized, skipping
Refreshing native plugins compatible for Editor in 0.64 ms, found 3 plugins.
Preloading 0 native plugins for Editor in 0.00 ms.
Unloading 2080 Unused Serialized files (Serialized files now loaded: 0)
System memory in use before: 107.2 MB.
System memory in use after: 107.3 MB.

Unloading 16 unused Assets to reduce memory usage. Loaded Objects now: 2611.
Total: 2.785278 ms (FindLiveObjects: 0.258514 ms CreateObjectMapping: 0.101032 ms MarkObjects: 2.402960 ms  DeleteObjects: 0.021489 ms)

========================================================================
Received Prepare
Registering precompiled user dll's ...
Registered in 0.003465 seconds.
Begin MonoManager ReloadAssembly
Native extension for WindowsStandalone target not found
Native extension for WebGL target not found
Refreshing native plugins compatible for Editor in 0.57 ms, found 3 plugins.
Preloading 0 native plugins for Editor in 0.00 ms.
Mono: successfully reloaded assembly
- Completed reload, in  1.196 seconds
Platform modules already initialized, skipping
Refreshing native plugins compatible for Editor in 0.53 ms, found 3 plugins.
Preloading 0 native plugins for Editor in 0.00 ms.
Unloading 2080 Unused Serialized files (Serialized files now loaded: 0)
System memory in use before: 107.2 MB.
System memory in use after: 107.3 MB.

Unloading 16 unused Assets to reduce memory usage. Loaded Objects now: 2615.
Total: 2.664039 ms (FindLiveObjects: 0.259476 ms CreateObjectMapping: 0.152029 ms MarkObjects: 2.212442 ms  DeleteObjects: 0.039130 ms)

========================================================================
Received Prepare
Registering precompiled user dll's ...
Registered in 0.003478 seconds.
Begin MonoManager ReloadAssembly
Native extension for WindowsStandalone target not found
Native extension for WebGL target not found
Refreshing native plugins compatible for Editor in 0.54 ms, found 3 plugins.
Preloading 0 native plugins for Editor in 0.00 ms.
Mono: successfully reloaded assembly
- Completed reload, in  1.174 seconds
Platform modules already initialized, skipping
Refreshing native plugins compatible for Editor in 0.64 ms, found 3 plugins.
Preloading 0 native plugins for Editor in 0.00 ms.
Unloading 2080 Unused Serialized files (Serialized files now loaded: 0)
System memory in use before: 107.2 MB.
System memory in use after: 107.3 MB.

Unloading 16 unused Assets to reduce memory usage. Loaded Objects now: 2619.
Total: 3.272477 ms (FindLiveObjects: 0.297964 ms CreateObjectMapping: 0.191480 ms MarkObjects: 2.757374 ms  DeleteObjects: 0.024697 ms)

========================================================================
Received Prepare
Registering precompiled user dll's ...
Registered in 0.003569 seconds.
Begin MonoManager ReloadAssembly
Native extension for WindowsStandalone target not found
Native extension for WebGL target not found
Refreshing native plugins compatible for Editor in 0.63 ms, found 3 plugins.
Preloading 0 native plugins for Editor in 0.00 ms.
Mono: successfully reloaded assembly
- Completed reload, in  1.224 seconds
Platform modules already initialized, skipping
Refreshing native plugins compatible for Editor in 0.53 ms, found 3 plugins.
Preloading 0 native plugins for Editor in 0.00 ms.
Unloading 2080 Unused Serialized files (Serialized files now loaded: 0)
System memory in use before: 107.2 MB.
System memory in use after: 107.3 MB.

Unloading 16 unused Assets to reduce memory usage. Loaded Objects now: 2623.
Total: 2.778221 ms (FindLiveObjects: 0.233817 ms CreateObjectMapping: 0.088844 ms MarkObjects: 2.419317 ms  DeleteObjects: 0.035281 ms)

========================================================================
Received Prepare
Registering precompiled user dll's ...
Registered in 0.003436 seconds.
Begin MonoManager ReloadAssembly
Native extension for WindowsStandalone target not found
Native extension for WebGL target not found
Refreshing native plugins compatible for Editor in 0.55 ms, found 3 plugins.
Preloading 0 native plugins for Editor in 0.00 ms.
Mono: successfully reloaded assembly
- Completed reload, in  1.182 seconds
Platform modules already initialized, skipping
Refreshing native plugins compatible for Editor in 0.56 ms, found 3 plugins.
Preloading 0 native plugins for Editor in 0.00 ms.
Unloading 2080 Unused Serialized files (Serialized files now loaded: 0)
System memory in use before: 107.2 MB.
System memory in use after: 107.3 MB.

Unloading 16 unused Assets to reduce memory usage. Loaded Objects now: 2627.
Total: 2.996964 ms (FindLiveObjects: 0.210403 ms CreateObjectMapping: 0.116427 ms MarkObjects: 2.614004 ms  DeleteObjects: 0.054846 ms)

========================================================================
Received Prepare
Registering precompiled user dll's ...
Registered in 0.003340 seconds.
Begin MonoManager ReloadAssembly
Native extension for WindowsStandalone target not found
Native extension for WebGL target not found
Refreshing native plugins compatible for Editor in 0.57 ms, found 3 plugins.
Preloading 0 native plugins for Editor in 0.00 ms.
Mono: successfully reloaded assembly
- Completed reload, in  1.208 seconds
Platform modules already initialized, skipping
Refreshing native plugins compatible for Editor in 0.71 ms, found 3 plugins.
Preloading 0 native plugins for Editor in 0.00 ms.
Unloading 2080 Unused Serialized files (Serialized files now loaded: 0)
System memory in use before: 107.2 MB.
System memory in use after: 107.3 MB.

Unloading 16 unused Assets to reduce memory usage. Loaded Objects now: 2631.
Total: 3.456900 ms (FindLiveObjects: 0.320737 ms CreateObjectMapping: 0.193404 ms MarkObjects: 2.906195 ms  DeleteObjects: 0.035281 ms)

========================================================================
Received Import Request.
  Time since last request: 297.332704 seconds.
  path: Assets/Prefab/BattleshipEnemy 1.prefab
  artifactKey: Guid(154d11d600551914ca5790013fce599f) Importer(815301076,1909f56bfc062723c751e8b465ee728b)
Start importing Assets/Prefab/BattleshipEnemy 1.prefab using Guid(154d11d600551914ca5790013fce599f) Importer(815301076,1909f56bfc062723c751e8b465ee728b)  -> (artifact id: '3b79b9306280a97a0a0576f4064d81da') in 0.077792 seconds
  Import took 0.086895 seconds .

========================================================================
Received Import Request.
  Time since last request: 21.976174 seconds.
  path: Assets/Prefab/BattleshipEnemy 1.prefab
  artifactKey: Guid(154d11d600551914ca5790013fce599f) Importer(815301076,1909f56bfc062723c751e8b465ee728b)
Start importing Assets/Prefab/BattleshipEnemy 1.prefab using Guid(154d11d600551914ca5790013fce599f) Importer(815301076,1909f56bfc062723c751e8b465ee728b)  -> (artifact id: 'd7e6c550a97a603b2412f06c25ba40a1') in 0.025953 seconds
  Import took 0.031212 seconds .

========================================================================
Received Prepare
Registering precompiled user dll's ...
Registered in 0.003705 seconds.
Begin MonoManager ReloadAssembly
Native extension for WindowsStandalone target not found
Native extension for WebGL target not found
Refreshing native plugins compatible for Editor in 0.72 ms, found 3 plugins.
Preloading 0 native plugins for Editor in 0.00 ms.
Mono: successfully reloaded assembly
- Completed reload, in  1.190 seconds
Platform modules already initialized, skipping
Refreshing native plugins compatible for Editor in 0.59 ms, found 3 plugins.
Preloading 0 native plugins for Editor in 0.00 ms.
Unloading 2080 Unused Serialized files (Serialized files now loaded: 0)
System memory in use before: 107.2 MB.
System memory in use after: 107.3 MB.

Unloading 16 unused Assets to reduce memory usage. Loaded Objects now: 2636.
Total: 3.197104 ms (FindLiveObjects: 0.288022 ms CreateObjectMapping: 0.211365 ms MarkObjects: 2.675265 ms  DeleteObjects: 0.020848 ms)

========================================================================
Received Prepare
Registering precompiled user dll's ...
Registered in 0.003390 seconds.
Begin MonoManager ReloadAssembly
Native extension for WindowsStandalone target not found
Native extension for WebGL target not found
Refreshing native plugins compatible for Editor in 0.59 ms, found 3 plugins.
Preloading 0 native plugins for Editor in 0.00 ms.
Mono: successfully reloaded assembly
- Completed reload, in  1.225 seconds
Platform modules already initialized, skipping
Refreshing native plugins compatible for Editor in 0.58 ms, found 3 plugins.
Preloading 0 native plugins for Editor in 0.00 ms.
Unloading 2080 Unused Serialized files (Serialized files now loaded: 0)
System memory in use before: 107.2 MB.
System memory in use after: 107.4 MB.

Unloading 16 unused Assets to reduce memory usage. Loaded Objects now: 2640.
Total: 3.477428 ms (FindLiveObjects: 0.241194 ms CreateObjectMapping: 0.096221 ms MarkObjects: 3.107939 ms  DeleteObjects: 0.029829 ms)

========================================================================
Received Prepare
Registering precompiled user dll's ...
Registered in 0.003577 seconds.
Begin MonoManager ReloadAssembly
Native extension for WindowsStandalone target not found
Native extension for WebGL target not found
Refreshing native plugins compatible for Editor in 0.53 ms, found 3 plugins.
Preloading 0 native plugins for Editor in 0.00 ms.
Mono: successfully reloaded assembly
- Completed reload, in  1.199 seconds
Platform modules already initialized, skipping
Refreshing native plugins compatible for Editor in 0.60 ms, found 3 plugins.
Preloading 0 native plugins for Editor in 0.00 ms.
Unloading 2080 Unused Serialized files (Serialized files now loaded: 0)
System memory in use before: 107.2 MB.
System memory in use after: 107.4 MB.

Unloading 16 unused Assets to reduce memory usage. Loaded Objects now: 2644.
Total: 2.895611 ms (FindLiveObjects: 0.257231 ms CreateObjectMapping: 0.093976 ms MarkObjects: 2.518425 ms  DeleteObjects: 0.024376 ms)

========================================================================
Received Prepare
Registering precompiled user dll's ...
Registered in 0.003522 seconds.
Begin MonoManager ReloadAssembly
Native extension for WindowsStandalone target not found
Native extension for WebGL target not found
Refreshing native plugins compatible for Editor in 0.56 ms, found 3 plugins.
Preloading 0 native plugins for Editor in 0.00 ms.
Mono: successfully reloaded assembly
- Completed reload, in  1.205 seconds
Platform modules already initialized, skipping
Refreshing native plugins compatible for Editor in 0.55 ms, found 3 plugins.
Preloading 0 native plugins for Editor in 0.00 ms.
Unloading 2080 Unused Serialized files (Serialized files now loaded: 0)
System memory in use before: 107.3 MB.
System memory in use after: 107.4 MB.

Unloading 16 unused Assets to reduce memory usage. Loaded Objects now: 2648.
Total: 3.609250 ms (FindLiveObjects: 0.316246 ms CreateObjectMapping: 0.212007 ms MarkObjects: 3.049565 ms  DeleteObjects: 0.028866 ms)

========================================================================
Received Prepare
Registering precompiled user dll's ...
Registered in 0.003229 seconds.
Begin MonoManager ReloadAssembly
Native extension for WindowsStandalone target not found
Native extension for WebGL target not found
Refreshing native plugins compatible for Editor in 0.65 ms, found 3 plugins.
Preloading 0 native plugins for Editor in 0.00 ms.
Mono: successfully reloaded assembly
- Completed reload, in  1.251 seconds
Platform modules already initialized, skipping
Refreshing native plugins compatible for Editor in 0.55 ms, found 3 plugins.
Preloading 0 native plugins for Editor in 0.00 ms.
Unloading 2080 Unused Serialized files (Serialized files now loaded: 0)
System memory in use before: 107.3 MB.
System memory in use after: 107.4 MB.

Unloading 16 unused Assets to reduce memory usage. Loaded Objects now: 2652.
Total: 3.164709 ms (FindLiveObjects: 0.238628 ms CreateObjectMapping: 0.090768 ms MarkObjects: 2.798749 ms  DeleteObjects: 0.035281 ms)

========================================================================
Received Import Request.
  Time since last request: 372.880988 seconds.
  path: Assets/Script/BattleshipEnemy.cs
  artifactKey: Guid(e352d9dede7fac242922028f81f9c357) Importer(815301076,1909f56bfc062723c751e8b465ee728b)
Start importing Assets/Script/BattleshipEnemy.cs using Guid(e352d9dede7fac242922028f81f9c357) Importer(815301076,1909f56bfc062723c751e8b465ee728b)  -> (artifact id: 'aa2783c35e62ce7f77280eb6ebc60144') in 0.008437 seconds
  Import took 0.013117 seconds .

========================================================================
Received Import Request.
  Time since last request: 45.844127 seconds.
  path: Assets/Script/PlayerBullet.cs
  artifactKey: Guid(ba5dbd63d65758340937eef235c8b816) Importer(815301076,1909f56bfc062723c751e8b465ee728b)
Start importing Assets/Script/PlayerBullet.cs using Guid(ba5dbd63d65758340937eef235c8b816) Importer(815301076,1909f56bfc062723c751e8b465ee728b)  -> (artifact id: 'a4d5fbdaf3689ffbc0217e0075b537be') in 0.003924 seconds
  Import took 0.026596 seconds .

========================================================================
Received Prepare
Registering precompiled user dll's ...
Registered in 0.003637 seconds.
Begin MonoManager ReloadAssembly
Native extension for WindowsStandalone target not found
Native extension for WebGL target not found
Refreshing native plugins compatible for Editor in 0.54 ms, found 3 plugins.
Preloading 0 native plugins for Editor in 0.00 ms.
Mono: successfully reloaded assembly
- Completed reload, in  1.208 seconds
Platform modules already initialized, skipping
Refreshing native plugins compatible for Editor in 0.54 ms, found 3 plugins.
Preloading 0 native plugins for Editor in 0.00 ms.
Unloading 2080 Unused Serialized files (Serialized files now loaded: 0)
System memory in use before: 107.3 MB.
System memory in use after: 107.4 MB.

Unloading 16 unused Assets to reduce memory usage. Loaded Objects now: 2656.
Total: 3.254836 ms (FindLiveObjects: 0.252420 ms CreateObjectMapping: 0.099749 ms MarkObjects: 2.872839 ms  DeleteObjects: 0.027583 ms)

========================================================================
Received Prepare
Registering precompiled user dll's ...
Registered in 0.003654 seconds.
Begin MonoManager ReloadAssembly
Native extension for WindowsStandalone target not found
Native extension for WebGL target not found
Refreshing native plugins compatible for Editor in 0.57 ms, found 3 plugins.
Preloading 0 native plugins for Editor in 0.00 ms.
Mono: successfully reloaded assembly
- Completed reload, in  1.221 seconds
Platform modules already initialized, skipping
Refreshing native plugins compatible for Editor in 0.52 ms, found 3 plugins.
Preloading 0 native plugins for Editor in 0.00 ms.
Unloading 2080 Unused Serialized files (Serialized files now loaded: 0)
System memory in use before: 107.3 MB.
System memory in use after: 107.4 MB.

Unloading 16 unused Assets to reduce memory usage. Loaded Objects now: 2660.
Total: 3.350416 ms (FindLiveObjects: 0.275834 ms CreateObjectMapping: 0.104560 ms MarkObjects: 2.942118 ms  DeleteObjects: 0.026300 ms)

========================================================================
Received Prepare
Registering precompiled user dll's ...
Registered in 0.003405 seconds.
Begin MonoManager ReloadAssembly
Native extension for WindowsStandalone target not found
Native extension for WebGL target not found
Refreshing native plugins compatible for Editor in 0.54 ms, found 3 plugins.
Preloading 0 native plugins for Editor in 0.00 ms.
Mono: successfully reloaded assembly
- Completed reload, in  1.172 seconds
Platform modules already initialized, skipping
Refreshing native plugins compatible for Editor in 0.53 ms, found 3 plugins.
Preloading 0 native plugins for Editor in 0.00 ms.
Unloading 2080 Unused Serialized files (Serialized files now loaded: 0)
System memory in use before: 107.3 MB.
System memory in use after: 107.4 MB.

Unloading 16 unused Assets to reduce memory usage. Loaded Objects now: 2664.
Total: 3.427713 ms (FindLiveObjects: 0.381035 ms CreateObjectMapping: 0.238628 ms MarkObjects: 2.781750 ms  DeleteObjects: 0.024697 ms)

========================================================================
Received Prepare
Registering precompiled user dll's ...
Registered in 0.003313 seconds.
Begin MonoManager ReloadAssembly
Native extension for WindowsStandalone target not found
Native extension for WebGL target not found
Refreshing native plugins compatible for Editor in 0.57 ms, found 3 plugins.
Preloading 0 native plugins for Editor in 0.00 ms.
Mono: successfully reloaded assembly
- Completed reload, in  1.168 seconds
Platform modules already initialized, skipping
Refreshing native plugins compatible for Editor in 0.59 ms, found 3 plugins.
Preloading 0 native plugins for Editor in 0.00 ms.
Unloading 2080 Unused Serialized files (Serialized files now loaded: 0)
System memory in use before: 107.3 MB.
System memory in use after: 107.4 MB.

Unloading 16 unused Assets to reduce memory usage. Loaded Objects now: 2668.
Total: 3.683020 ms (FindLiveObjects: 0.328114 ms CreateObjectMapping: 0.194366 ms MarkObjects: 3.131994 ms  DeleteObjects: 0.026621 ms)

========================================================================
Received Prepare
Registering precompiled user dll's ...
Registered in 0.003553 seconds.
Begin MonoManager ReloadAssembly
Native extension for WindowsStandalone target not found
Native extension for WebGL target not found
Refreshing native plugins compatible for Editor in 0.58 ms, found 3 plugins.
Preloading 0 native plugins for Editor in 0.00 ms.
Mono: successfully reloaded assembly
- Completed reload, in  1.194 seconds
Platform modules already initialized, skipping
Refreshing native plugins compatible for Editor in 0.57 ms, found 3 plugins.
Preloading 0 native plugins for Editor in 0.00 ms.
Unloading 2080 Unused Serialized files (Serialized files now loaded: 0)
System memory in use before: 107.3 MB.
System memory in use after: 107.4 MB.

Unloading 16 unused Assets to reduce memory usage. Loaded Objects now: 2672.
Total: 4.313267 ms (FindLiveObjects: 0.343188 ms CreateObjectMapping: 0.214894 ms MarkObjects: 3.716376 ms  DeleteObjects: 0.036885 ms)

========================================================================
Received Prepare
Registering precompiled user dll's ...
Registered in 0.003527 seconds.
Begin MonoManager ReloadAssembly
Native extension for WindowsStandalone target not found
Native extension for WebGL target not found
Refreshing native plugins compatible for Editor in 0.57 ms, found 3 plugins.
Preloading 0 native plugins for Editor in 0.00 ms.
Mono: successfully reloaded assembly
- Completed reload, in  1.165 seconds
Platform modules already initialized, skipping
Refreshing native plugins compatible for Editor in 0.50 ms, found 3 plugins.
Preloading 0 native plugins for Editor in 0.00 ms.
Unloading 2080 Unused Serialized files (Serialized files now loaded: 0)
System memory in use before: 107.3 MB.
System memory in use after: 107.4 MB.

Unloading 16 unused Assets to reduce memory usage. Loaded Objects now: 2676.
Total: 2.606627 ms (FindLiveObjects: 0.213931 ms CreateObjectMapping: 0.087561 ms MarkObjects: 2.256062 ms  DeleteObjects: 0.047790 ms)

========================================================================
Received Prepare
Registering precompiled user dll's ...
Registered in 0.003403 seconds.
Begin MonoManager ReloadAssembly
Native extension for WindowsStandalone target not found
Native extension for WebGL target not found
Refreshing native plugins compatible for Editor in 0.79 ms, found 3 plugins.
Preloading 0 native plugins for Editor in 0.00 ms.
Mono: successfully reloaded assembly
- Completed reload, in  1.169 seconds
Platform modules already initialized, skipping
Refreshing native plugins compatible for Editor in 0.57 ms, found 3 plugins.
Preloading 0 native plugins for Editor in 0.00 ms.
Unloading 2080 Unused Serialized files (Serialized files now loaded: 0)
System memory in use before: 107.3 MB.
System memory in use after: 107.4 MB.

Unloading 16 unused Assets to reduce memory usage. Loaded Objects now: 2680.
Total: 2.562686 ms (FindLiveObjects: 0.259476 ms CreateObjectMapping: 0.103598 ms MarkObjects: 2.144446 ms  DeleteObjects: 0.054205 ms)

========================================================================
Received Prepare
Registering precompiled user dll's ...
Registered in 0.003502 seconds.
Begin MonoManager ReloadAssembly
Native extension for WindowsStandalone target not found
Native extension for WebGL target not found
Refreshing native plugins compatible for Editor in 0.56 ms, found 3 plugins.
Preloading 0 native plugins for Editor in 0.00 ms.
Mono: successfully reloaded assembly
- Completed reload, in  1.198 seconds
Platform modules already initialized, skipping
Refreshing native plugins compatible for Editor in 0.77 ms, found 3 plugins.
Preloading 0 native plugins for Editor in 0.00 ms.
Unloading 2080 Unused Serialized files (Serialized files now loaded: 0)
System memory in use before: 107.3 MB.
System memory in use after: 107.5 MB.

Unloading 16 unused Assets to reduce memory usage. Loaded Objects now: 2684.
Total: 3.621438 ms (FindLiveObjects: 0.308228 ms CreateObjectMapping: 0.199498 ms MarkObjects: 3.085808 ms  DeleteObjects: 0.025980 ms)

========================================================================
Received Prepare
Registering precompiled user dll's ...
Registered in 0.003642 seconds.
Begin MonoManager ReloadAssembly
Native extension for WindowsStandalone target not found
Native extension for WebGL target not found
Refreshing native plugins compatible for Editor in 0.73 ms, found 3 plugins.
Preloading 0 native plugins for Editor in 0.00 ms.
Mono: successfully reloaded assembly
- Completed reload, in  1.200 seconds
Platform modules already initialized, skipping
Refreshing native plugins compatible for Editor in 0.76 ms, found 3 plugins.
Preloading 0 native plugins for Editor in 0.00 ms.
Unloading 2080 Unused Serialized files (Serialized files now loaded: 0)
System memory in use before: 107.3 MB.
System memory in use after: 107.5 MB.

Unloading 16 unused Assets to reduce memory usage. Loaded Objects now: 2688.
Total: 3.386018 ms (FindLiveObjects: 0.238307 ms CreateObjectMapping: 0.093014 ms MarkObjects: 3.020057 ms  DeleteObjects: 0.033357 ms)

========================================================================
Received Prepare
Registering precompiled user dll's ...
Registered in 0.003357 seconds.
Begin MonoManager ReloadAssembly
Native extension for WindowsStandalone target not found
Native extension for WebGL target not found
Refreshing native plugins compatible for Editor in 0.56 ms, found 3 plugins.
Preloading 0 native plugins for Editor in 0.00 ms.
Mono: successfully reloaded assembly
- Completed reload, in  1.202 seconds
Platform modules already initialized, skipping
Refreshing native plugins compatible for Editor in 0.60 ms, found 3 plugins.
Preloading 0 native plugins for Editor in 0.00 ms.
Unloading 2080 Unused Serialized files (Serialized files now loaded: 0)
System memory in use before: 107.3 MB.
System memory in use after: 107.5 MB.

Unloading 16 unused Assets to reduce memory usage. Loaded Objects now: 2692.
Total: 2.901705 ms (FindLiveObjects: 0.269419 ms CreateObjectMapping: 0.103598 ms MarkObjects: 2.502709 ms  DeleteObjects: 0.024697 ms)

========================================================================
Received Prepare
Registering precompiled user dll's ...
Registered in 0.003487 seconds.
Begin MonoManager ReloadAssembly
Native extension for WindowsStandalone target not found
Native extension for WebGL target not found
Refreshing native plugins compatible for Editor in 0.53 ms, found 3 plugins.
Preloading 0 native plugins for Editor in 0.00 ms.
Mono: successfully reloaded assembly
- Completed reload, in  1.159 seconds
Platform modules already initialized, skipping
Refreshing native plugins compatible for Editor in 0.66 ms, found 3 plugins.
Preloading 0 native plugins for Editor in 0.00 ms.
Unloading 2080 Unused Serialized files (Serialized files now loaded: 0)
System memory in use before: 107.4 MB.
System memory in use after: 107.5 MB.

Unloading 16 unused Assets to reduce memory usage. Loaded Objects now: 2696.
Total: 3.367736 ms (FindLiveObjects: 0.326510 ms CreateObjectMapping: 0.212648 ms MarkObjects: 2.796183 ms  DeleteObjects: 0.031432 ms)

========================================================================
Received Prepare
Registering precompiled user dll's ...
Registered in 0.003945 seconds.
Begin MonoManager ReloadAssembly
Native extension for WindowsStandalone target not found
Native extension for WebGL target not found
Refreshing native plugins compatible for Editor in 0.68 ms, found 3 plugins.
Preloading 0 native plugins for Editor in 0.00 ms.
Mono: successfully reloaded assembly
- Completed reload, in  1.458 seconds
Platform modules already initialized, skipping
Refreshing native plugins compatible for Editor in 2.01 ms, found 3 plugins.
Preloading 0 native plugins for Editor in 0.00 ms.
Unloading 2080 Unused Serialized files (Serialized files now loaded: 0)
System memory in use before: 107.4 MB.
System memory in use after: 107.5 MB.

Unloading 16 unused Assets to reduce memory usage. Loaded Objects now: 2700.
Total: 3.685586 ms (FindLiveObjects: 0.385526 ms CreateObjectMapping: 0.226761 ms MarkObjects: 3.043471 ms  DeleteObjects: 0.028546 ms)

========================================================================
Received Prepare
Registering precompiled user dll's ...
Registered in 0.136329 seconds.
Begin MonoManager ReloadAssembly
Native extension for WindowsStandalone target not found
Native extension for WebGL target not found
Refreshing native plugins compatible for Editor in 0.54 ms, found 3 plugins.
Preloading 0 native plugins for Editor in 0.00 ms.
Mono: successfully reloaded assembly
- Completed reload, in  1.559 seconds
Platform modules already initialized, skipping
Refreshing native plugins compatible for Editor in 0.52 ms, found 3 plugins.
Preloading 0 native plugins for Editor in 0.00 ms.
Unloading 2080 Unused Serialized files (Serialized files now loaded: 0)
System memory in use before: 107.4 MB.
System memory in use after: 107.5 MB.

Unloading 16 unused Assets to reduce memory usage. Loaded Objects now: 2704.
Total: 2.632607 ms (FindLiveObjects: 0.209762 ms CreateObjectMapping: 0.115144 ms MarkObjects: 2.256062 ms  DeleteObjects: 0.050676 ms)

========================================================================
Received Prepare
Registering precompiled user dll's ...
Registered in 0.003642 seconds.
Begin MonoManager ReloadAssembly
Native extension for WindowsStandalone target not found
Native extension for WebGL target not found
Refreshing native plugins compatible for Editor in 0.55 ms, found 3 plugins.
Preloading 0 native plugins for Editor in 0.00 ms.
Mono: successfully reloaded assembly
- Completed reload, in  1.199 seconds
Platform modules already initialized, skipping
Refreshing native plugins compatible for Editor in 0.54 ms, found 3 plugins.
Preloading 0 native plugins for Editor in 0.00 ms.
Unloading 2080 Unused Serialized files (Serialized files now loaded: 0)
System memory in use before: 107.4 MB.
System memory in use after: 107.5 MB.

Unloading 16 unused Assets to reduce memory usage. Loaded Objects now: 2708.
Total: 2.722093 ms (FindLiveObjects: 0.264287 ms CreateObjectMapping: 0.110654 ms MarkObjects: 2.316681 ms  DeleteObjects: 0.029187 ms)

========================================================================
Received Prepare
Registering precompiled user dll's ...
Registered in 0.004038 seconds.
Begin MonoManager ReloadAssembly
Native extension for WindowsStandalone target not found
Native extension for WebGL target not found
Refreshing native plugins compatible for Editor in 0.55 ms, found 3 plugins.
Preloading 0 native plugins for Editor in 0.00 ms.
Mono: successfully reloaded assembly
- Completed reload, in  1.157 seconds
Platform modules already initialized, skipping
Refreshing native plugins compatible for Editor in 0.54 ms, found 3 plugins.
Preloading 0 native plugins for Editor in 0.00 ms.
Unloading 2080 Unused Serialized files (Serialized files now loaded: 0)
System memory in use before: 107.5 MB.
System memory in use after: 107.6 MB.

Unloading 16 unused Assets to reduce memory usage. Loaded Objects now: 2712.
Total: 3.996380 ms (FindLiveObjects: 0.500670 ms CreateObjectMapping: 0.236383 ms MarkObjects: 3.231102 ms  DeleteObjects: 0.026621 ms)

========================================================================
Received Prepare
Registering precompiled user dll's ...
Registered in 0.003508 seconds.
Begin MonoManager ReloadAssembly
Native extension for WindowsStandalone target not found
Native extension for WebGL target not found
Refreshing native plugins compatible for Editor in 0.57 ms, found 3 plugins.
Preloading 0 native plugins for Editor in 0.00 ms.
Mono: successfully reloaded assembly
- Completed reload, in  1.166 seconds
Platform modules already initialized, skipping
Refreshing native plugins compatible for Editor in 0.59 ms, found 3 plugins.
Preloading 0 native plugins for Editor in 0.00 ms.
Unloading 2080 Unused Serialized files (Serialized files now loaded: 0)
System memory in use before: 107.5 MB.
System memory in use after: 107.6 MB.

Unloading 16 unused Assets to reduce memory usage. Loaded Objects now: 2716.
Total: 3.507898 ms (FindLiveObjects: 0.316246 ms CreateObjectMapping: 0.298606 ms MarkObjects: 2.859047 ms  DeleteObjects: 0.032715 ms)

========================================================================
Received Prepare
Registering precompiled user dll's ...
Registered in 0.003464 seconds.
Begin MonoManager ReloadAssembly
Native extension for WindowsStandalone target not found
Native extension for WebGL target not found
Refreshing native plugins compatible for Editor in 0.61 ms, found 3 plugins.
Preloading 0 native plugins for Editor in 0.00 ms.
Mono: successfully reloaded assembly
- Completed reload, in  1.166 seconds
Platform modules already initialized, skipping
Refreshing native plugins compatible for Editor in 0.53 ms, found 3 plugins.
Preloading 0 native plugins for Editor in 0.00 ms.
Unloading 2080 Unused Serialized files (Serialized files now loaded: 0)
System memory in use before: 107.5 MB.
System memory in use after: 107.7 MB.

Unloading 16 unused Assets to reduce memory usage. Loaded Objects now: 2720.
Total: 2.994398 ms (FindLiveObjects: 0.317209 ms CreateObjectMapping: 0.183461 ms MarkObjects: 2.451391 ms  DeleteObjects: 0.041375 ms)

========================================================================
Received Prepare
Registering precompiled user dll's ...
Registered in 0.003739 seconds.
Begin MonoManager ReloadAssembly
Native extension for WindowsStandalone target not found
Native extension for WebGL target not found
Refreshing native plugins compatible for Editor in 0.63 ms, found 3 plugins.
Preloading 0 native plugins for Editor in 0.00 ms.
Mono: successfully reloaded assembly
- Completed reload, in  1.174 seconds
Platform modules already initialized, skipping
Refreshing native plugins compatible for Editor in 0.59 ms, found 3 plugins.
Preloading 0 native plugins for Editor in 0.00 ms.
Unloading 2080 Unused Serialized files (Serialized files now loaded: 0)
System memory in use before: 107.5 MB.
System memory in use after: 107.7 MB.

Unloading 16 unused Assets to reduce memory usage. Loaded Objects now: 2724.
Total: 2.994719 ms (FindLiveObjects: 0.310794 ms CreateObjectMapping: 0.183461 ms MarkObjects: 2.447221 ms  DeleteObjects: 0.051639 ms)

========================================================================
Received Prepare
Registering precompiled user dll's ...
Registered in 0.489307 seconds.
Begin MonoManager ReloadAssembly
Native extension for WindowsStandalone target not found
Native extension for WebGL target not found
Refreshing native plugins compatible for Editor in 0.57 ms, found 3 plugins.
Preloading 0 native plugins for Editor in 0.00 ms.
Mono: successfully reloaded assembly
- Completed reload, in  2.261 seconds
Platform modules already initialized, skipping
Refreshing native plugins compatible for Editor in 0.52 ms, found 3 plugins.
Preloading 0 native plugins for Editor in 0.00 ms.
Unloading 2080 Unused Serialized files (Serialized files now loaded: 0)
System memory in use before: 107.5 MB.
System memory in use after: 107.7 MB.

Unloading 16 unused Assets to reduce memory usage. Loaded Objects now: 2728.
Total: 49.273499 ms (FindLiveObjects: 0.459295 ms CreateObjectMapping: 0.203347 ms MarkObjects: 48.571086 ms  DeleteObjects: 0.037526 ms)

========================================================================
Received Prepare
Registering precompiled user dll's ...
Registered in 0.004026 seconds.
Begin MonoManager ReloadAssembly
Native extension for WindowsStandalone target not found
Native extension for WebGL target not found
Refreshing native plugins compatible for Editor in 0.59 ms, found 3 plugins.
Preloading 0 native plugins for Editor in 0.00 ms.
Mono: successfully reloaded assembly
- Completed reload, in  1.234 seconds
Platform modules already initialized, skipping
Refreshing native plugins compatible for Editor in 0.54 ms, found 3 plugins.
Preloading 0 native plugins for Editor in 0.00 ms.
Unloading 2080 Unused Serialized files (Serialized files now loaded: 0)
System memory in use before: 107.5 MB.
System memory in use after: 107.7 MB.

Unloading 16 unused Assets to reduce memory usage. Loaded Objects now: 2732.
Total: 3.371264 ms (FindLiveObjects: 0.308869 ms CreateObjectMapping: 0.228685 ms MarkObjects: 2.801635 ms  DeleteObjects: 0.031111 ms)

========================================================================
Received Prepare
Registering precompiled user dll's ...
Registered in 0.003572 seconds.
Begin MonoManager ReloadAssembly
Native extension for WindowsStandalone target not found
Native extension for WebGL target not found
Refreshing native plugins compatible for Editor in 0.64 ms, found 3 plugins.
Preloading 0 native plugins for Editor in 0.00 ms.
Mono: successfully reloaded assembly
- Completed reload, in  1.181 seconds
Platform modules already initialized, skipping
Refreshing native plugins compatible for Editor in 0.57 ms, found 3 plugins.
Preloading 0 native plugins for Editor in 0.00 ms.
Unloading 2080 Unused Serialized files (Serialized files now loaded: 0)
System memory in use before: 107.5 MB.
System memory in use after: 107.7 MB.

Unloading 16 unused Assets to reduce memory usage. Loaded Objects now: 2736.
Total: 2.921270 ms (FindLiveObjects: 0.280645 ms CreateObjectMapping: 0.101032 ms MarkObjects: 2.507199 ms  DeleteObjects: 0.031111 ms)

========================================================================
Received Prepare
Registering precompiled user dll's ...
Registered in 0.003815 seconds.
Begin MonoManager ReloadAssembly
Native extension for WindowsStandalone target not found
Native extension for WebGL target not found
Refreshing native plugins compatible for Editor in 0.52 ms, found 3 plugins.
Preloading 0 native plugins for Editor in 0.00 ms.
Mono: successfully reloaded assembly
- Completed reload, in  1.157 seconds
Platform modules already initialized, skipping
Refreshing native plugins compatible for Editor in 0.53 ms, found 3 plugins.
Preloading 0 native plugins for Editor in 0.00 ms.
Unloading 2080 Unused Serialized files (Serialized files now loaded: 0)
System memory in use before: 107.5 MB.
System memory in use after: 107.8 MB.

Unloading 16 unused Assets to reduce memory usage. Loaded Objects now: 2740.
Total: 2.975795 ms (FindLiveObjects: 0.269098 ms CreateObjectMapping: 0.101994 ms MarkObjects: 2.581931 ms  DeleteObjects: 0.021489 ms)

========================================================================
Received Prepare
Registering precompiled user dll's ...
Registered in 0.003470 seconds.
Begin MonoManager ReloadAssembly
Native extension for WindowsStandalone target not found
Native extension for WebGL target not found
Refreshing native plugins compatible for Editor in 0.52 ms, found 3 plugins.
Preloading 0 native plugins for Editor in 0.00 ms.
Mono: successfully reloaded assembly
- Completed reload, in  1.218 seconds
Platform modules already initialized, skipping
Refreshing native plugins compatible for Editor in 0.58 ms, found 3 plugins.
Preloading 0 native plugins for Editor in 0.00 ms.
Unloading 2080 Unused Serialized files (Serialized files now loaded: 0)
System memory in use before: 107.6 MB.
System memory in use after: 107.8 MB.

Unloading 16 unused Assets to reduce memory usage. Loaded Objects now: 2744.
Total: 3.043791 ms (FindLiveObjects: 0.320737 ms CreateObjectMapping: 0.169349 ms MarkObjects: 2.512651 ms  DeleteObjects: 0.040092 ms)

========================================================================
Received Prepare
Registering precompiled user dll's ...
Registered in 0.003509 seconds.
Begin MonoManager ReloadAssembly
Native extension for WindowsStandalone target not found
Native extension for WebGL target not found
Refreshing native plugins compatible for Editor in 0.55 ms, found 3 plugins.
Preloading 0 native plugins for Editor in 0.00 ms.
Mono: successfully reloaded assembly
- Completed reload, in  1.220 seconds
Platform modules already initialized, skipping
Refreshing native plugins compatible for Editor in 0.52 ms, found 3 plugins.
Preloading 0 native plugins for Editor in 0.00 ms.
Unloading 2080 Unused Serialized files (Serialized files now loaded: 0)
System memory in use before: 107.6 MB.
System memory in use after: 107.8 MB.

Unloading 16 unused Assets to reduce memory usage. Loaded Objects now: 2748.
Total: 2.806446 ms (FindLiveObjects: 0.264929 ms CreateObjectMapping: 0.102956 ms MarkObjects: 2.405846 ms  DeleteObjects: 0.030791 ms)

========================================================================
Received Prepare
Registering precompiled user dll's ...
Registered in 0.003590 seconds.
Begin MonoManager ReloadAssembly
Native extension for WindowsStandalone target not found
Native extension for WebGL target not found
Refreshing native plugins compatible for Editor in 0.55 ms, found 3 plugins.
Preloading 0 native plugins for Editor in 0.00 ms.
Mono: successfully reloaded assembly
- Completed reload, in  1.258 seconds
Platform modules already initialized, skipping
Refreshing native plugins compatible for Editor in 0.52 ms, found 3 plugins.
Preloading 0 native plugins for Editor in 0.00 ms.
Unloading 2080 Unused Serialized files (Serialized files now loaded: 0)
System memory in use before: 107.6 MB.
System memory in use after: 107.8 MB.

Unloading 16 unused Assets to reduce memory usage. Loaded Objects now: 2752.
Total: 3.589044 ms (FindLiveObjects: 0.307907 ms CreateObjectMapping: 0.108409 ms MarkObjects: 3.147069 ms  DeleteObjects: 0.023735 ms)

========================================================================
Received Prepare
Registering precompiled user dll's ...
Registered in 0.003426 seconds.
Begin MonoManager ReloadAssembly
Native extension for WindowsStandalone target not found
Native extension for WebGL target not found
Refreshing native plugins compatible for Editor in 0.65 ms, found 3 plugins.
Preloading 0 native plugins for Editor in 0.00 ms.
Mono: successfully reloaded assembly
- Completed reload, in  1.184 seconds
Platform modules already initialized, skipping
Refreshing native plugins compatible for Editor in 0.55 ms, found 3 plugins.
Preloading 0 native plugins for Editor in 0.00 ms.
Unloading 2080 Unused Serialized files (Serialized files now loaded: 0)
System memory in use before: 107.6 MB.
System memory in use after: 107.8 MB.

Unloading 16 unused Assets to reduce memory usage. Loaded Objects now: 2756.
Total: 2.888234 ms (FindLiveObjects: 0.232534 ms CreateObjectMapping: 0.102956 ms MarkObjects: 2.515217 ms  DeleteObjects: 0.035602 ms)

========================================================================
Received Prepare
Registering precompiled user dll's ...
Registered in 0.003591 seconds.
Begin MonoManager ReloadAssembly
Native extension for WindowsStandalone target not found
Native extension for WebGL target not found
Refreshing native plugins compatible for Editor in 0.55 ms, found 3 plugins.
Preloading 0 native plugins for Editor in 0.00 ms.
Mono: successfully reloaded assembly
- Completed reload, in  1.227 seconds
Platform modules already initialized, skipping
Refreshing native plugins compatible for Editor in 0.62 ms, found 3 plugins.
Preloading 0 native plugins for Editor in 0.00 ms.
Unloading 2080 Unused Serialized files (Serialized files now loaded: 0)
System memory in use before: 107.6 MB.
System memory in use after: 107.8 MB.

Unloading 16 unused Assets to reduce memory usage. Loaded Objects now: 2760.
Total: 2.986700 ms (FindLiveObjects: 0.244401 ms CreateObjectMapping: 0.135672 ms MarkObjects: 2.574554 ms  DeleteObjects: 0.030791 ms)

========================================================================
Received Prepare
Registering precompiled user dll's ...
Registered in 0.003534 seconds.
Begin MonoManager ReloadAssembly
Native extension for WindowsStandalone target not found
Native extension for WebGL target not found
Refreshing native plugins compatible for Editor in 0.55 ms, found 3 plugins.
Preloading 0 native plugins for Editor in 0.00 ms.
Mono: successfully reloaded assembly
- Completed reload, in  1.212 seconds
Platform modules already initialized, skipping
Refreshing native plugins compatible for Editor in 0.58 ms, found 3 plugins.
Preloading 0 native plugins for Editor in 0.00 ms.
Unloading 2080 Unused Serialized files (Serialized files now loaded: 0)
System memory in use before: 107.6 MB.
System memory in use after: 107.8 MB.

Unloading 16 unused Assets to reduce memory usage. Loaded Objects now: 2764.
Total: 2.784957 ms (FindLiveObjects: 0.281607 ms CreateObjectMapping: 0.102315 ms MarkObjects: 2.377942 ms  DeleteObjects: 0.021810 ms)

========================================================================
Received Prepare
Registering precompiled user dll's ...
Registered in 0.003526 seconds.
Begin MonoManager ReloadAssembly
Native extension for WindowsStandalone target not found
Native extension for WebGL target not found
Refreshing native plugins compatible for Editor in 0.61 ms, found 3 plugins.
Preloading 0 native plugins for Editor in 0.00 ms.
Mono: successfully reloaded assembly
- Completed reload, in  1.264 seconds
Platform modules already initialized, skipping
Refreshing native plugins compatible for Editor in 0.52 ms, found 3 plugins.
Preloading 0 native plugins for Editor in 0.00 ms.
Unloading 2080 Unused Serialized files (Serialized files now loaded: 0)
System memory in use before: 107.6 MB.
System memory in use after: 107.8 MB.

Unloading 16 unused Assets to reduce memory usage. Loaded Objects now: 2768.
Total: 2.592515 ms (FindLiveObjects: 0.234138 ms CreateObjectMapping: 0.103598 ms MarkObjects: 2.178444 ms  DeleteObjects: 0.075373 ms)

========================================================================
Received Prepare
Registering precompiled user dll's ...
Registered in 0.003731 seconds.
Begin MonoManager ReloadAssembly
Native extension for WindowsStandalone target not found
Native extension for WebGL target not found
Refreshing native plugins compatible for Editor in 0.73 ms, found 3 plugins.
Preloading 0 native plugins for Editor in 0.00 ms.
Mono: successfully reloaded assembly
- Completed reload, in  1.226 seconds
Platform modules already initialized, skipping
Refreshing native plugins compatible for Editor in 0.51 ms, found 3 plugins.
Preloading 0 native plugins for Editor in 0.00 ms.
Unloading 2080 Unused Serialized files (Serialized files now loaded: 0)
System memory in use before: 107.6 MB.
System memory in use after: 107.8 MB.

Unloading 16 unused Assets to reduce memory usage. Loaded Objects now: 2772.
Total: 14.253861 ms (FindLiveObjects: 0.259155 ms CreateObjectMapping: 0.101674 ms MarkObjects: 13.855506 ms  DeleteObjects: 0.036243 ms)

========================================================================
Received Prepare
Registering precompiled user dll's ...
Registered in 0.003505 seconds.
Begin MonoManager ReloadAssembly
Native extension for WindowsStandalone target not found
Native extension for WebGL target not found
Refreshing native plugins compatible for Editor in 0.56 ms, found 3 plugins.
Preloading 0 native plugins for Editor in 0.00 ms.
Mono: successfully reloaded assembly
- Completed reload, in  1.270 seconds
Platform modules already initialized, skipping
Refreshing native plugins compatible for Editor in 0.52 ms, found 3 plugins.
Preloading 0 native plugins for Editor in 0.00 ms.
Unloading 2080 Unused Serialized files (Serialized files now loaded: 0)
System memory in use before: 107.6 MB.
System memory in use after: 107.8 MB.

Unloading 16 unused Assets to reduce memory usage. Loaded Objects now: 2776.
Total: 2.930571 ms (FindLiveObjects: 0.247609 ms CreateObjectMapping: 0.205592 ms MarkObjects: 2.440165 ms  DeleteObjects: 0.036243 ms)

========================================================================
Received Prepare
Registering precompiled user dll's ...
Registered in 0.003765 seconds.
Begin MonoManager ReloadAssembly
Native extension for WindowsStandalone target not found
Native extension for WebGL target not found
Refreshing native plugins compatible for Editor in 0.53 ms, found 3 plugins.
Preloading 0 native plugins for Editor in 0.00 ms.
Mono: successfully reloaded assembly
- Completed reload, in  1.202 seconds
Platform modules already initialized, skipping
Refreshing native plugins compatible for Editor in 0.59 ms, found 3 plugins.
Preloading 0 native plugins for Editor in 0.00 ms.
Unloading 2080 Unused Serialized files (Serialized files now loaded: 0)
System memory in use before: 107.6 MB.
System memory in use after: 107.8 MB.

Unloading 16 unused Assets to reduce memory usage. Loaded Objects now: 2780.
Total: 3.001133 ms (FindLiveObjects: 0.276475 ms CreateObjectMapping: 0.100070 ms MarkObjects: 2.591232 ms  DeleteObjects: 0.032394 ms)

========================================================================
Received Prepare
Registering precompiled user dll's ...
Registered in 0.004120 seconds.
Begin MonoManager ReloadAssembly
Native extension for WindowsStandalone target not found
Native extension for WebGL target not found
Refreshing native plugins compatible for Editor in 0.53 ms, found 3 plugins.
Preloading 0 native plugins for Editor in 0.00 ms.
Mono: successfully reloaded assembly
- Completed reload, in  1.211 seconds
Platform modules already initialized, skipping
Refreshing native plugins compatible for Editor in 0.55 ms, found 3 plugins.
Preloading 0 native plugins for Editor in 0.00 ms.
Unloading 2080 Unused Serialized files (Serialized files now loaded: 0)
System memory in use before: 107.6 MB.
System memory in use after: 107.9 MB.

Unloading 16 unused Assets to reduce memory usage. Loaded Objects now: 2784.
Total: 3.276005 ms (FindLiveObjects: 0.407015 ms CreateObjectMapping: 0.220346 ms MarkObjects: 2.619778 ms  DeleteObjects: 0.027263 ms)

========================================================================
Received Prepare
Registering precompiled user dll's ...
Registered in 0.003573 seconds.
Begin MonoManager ReloadAssembly
Native extension for WindowsStandalone target not found
Native extension for WebGL target not found
Refreshing native plugins compatible for Editor in 0.56 ms, found 3 plugins.
Preloading 0 native plugins for Editor in 0.00 ms.
Mono: successfully reloaded assembly
- Completed reload, in  1.200 seconds
Platform modules already initialized, skipping
Refreshing native plugins compatible for Editor in 0.53 ms, found 3 plugins.
Preloading 0 native plugins for Editor in 0.00 ms.
Unloading 2080 Unused Serialized files (Serialized files now loaded: 0)
System memory in use before: 107.6 MB.
System memory in use after: 107.9 MB.

Unloading 16 unused Assets to reduce memory usage. Loaded Objects now: 2788.
Total: 3.101203 ms (FindLiveObjects: 0.272947 ms CreateObjectMapping: 0.098787 ms MarkObjects: 2.687774 ms  DeleteObjects: 0.040413 ms)

========================================================================
Received Prepare
Registering precompiled user dll's ...
Registered in 0.003617 seconds.
Begin MonoManager ReloadAssembly
Native extension for WindowsStandalone target not found
Native extension for WebGL target not found
Refreshing native plugins compatible for Editor in 0.56 ms, found 3 plugins.
Preloading 0 native plugins for Editor in 0.00 ms.
Mono: successfully reloaded assembly
- Completed reload, in  1.184 seconds
Platform modules already initialized, skipping
Refreshing native plugins compatible for Editor in 0.57 ms, found 3 plugins.
Preloading 0 native plugins for Editor in 0.00 ms.
Unloading 2080 Unused Serialized files (Serialized files now loaded: 0)
System memory in use before: 107.7 MB.
System memory in use after: 107.9 MB.

Unloading 16 unused Assets to reduce memory usage. Loaded Objects now: 2792.
Total: 2.849746 ms (FindLiveObjects: 0.296040 ms CreateObjectMapping: 0.103919 ms MarkObjects: 2.411619 ms  DeleteObjects: 0.037205 ms)

========================================================================
Received Prepare
Registering precompiled user dll's ...
Registered in 0.003508 seconds.
Begin MonoManager ReloadAssembly
Native extension for WindowsStandalone target not found
Native extension for WebGL target not found
Refreshing native plugins compatible for Editor in 0.53 ms, found 3 plugins.
Preloading 0 native plugins for Editor in 0.00 ms.
Mono: successfully reloaded assembly
- Completed reload, in  1.211 seconds
Platform modules already initialized, skipping
Refreshing native plugins compatible for Editor in 0.55 ms, found 3 plugins.
Preloading 0 native plugins for Editor in 0.00 ms.
Unloading 2080 Unused Serialized files (Serialized files now loaded: 0)
System memory in use before: 107.7 MB.
System memory in use after: 107.9 MB.

Unloading 16 unused Assets to reduce memory usage. Loaded Objects now: 2796.
Total: 3.344963 ms (FindLiveObjects: 0.322340 ms CreateObjectMapping: 0.184744 ms MarkObjects: 2.786240 ms  DeleteObjects: 0.050676 ms)

========================================================================
Received Prepare
Registering precompiled user dll's ...
Registered in 0.003489 seconds.
Begin MonoManager ReloadAssembly
Native extension for WindowsStandalone target not found
Native extension for WebGL target not found
Refreshing native plugins compatible for Editor in 0.67 ms, found 3 plugins.
Preloading 0 native plugins for Editor in 0.00 ms.
Mono: successfully reloaded assembly
- Completed reload, in  1.238 seconds
Platform modules already initialized, skipping
Refreshing native plugins compatible for Editor in 0.54 ms, found 3 plugins.
Preloading 0 native plugins for Editor in 0.00 ms.
Unloading 2080 Unused Serialized files (Serialized files now loaded: 0)
System memory in use before: 107.7 MB.
System memory in use after: 107.9 MB.

Unloading 16 unused Assets to reduce memory usage. Loaded Objects now: 2800.
Total: 6.685436 ms (FindLiveObjects: 0.672906 ms CreateObjectMapping: 0.250175 ms MarkObjects: 5.729641 ms  DeleteObjects: 0.029508 ms)

========================================================================
Received Prepare
Registering precompiled user dll's ...
Registered in 0.003597 seconds.
Begin MonoManager ReloadAssembly
Native extension for WindowsStandalone target not found
Native extension for WebGL target not found
Refreshing native plugins compatible for Editor in 0.54 ms, found 3 plugins.
Preloading 0 native plugins for Editor in 0.00 ms.
Mono: successfully reloaded assembly
- Completed reload, in  1.209 seconds
Platform modules already initialized, skipping
Refreshing native plugins compatible for Editor in 0.53 ms, found 3 plugins.
Preloading 0 native plugins for Editor in 0.00 ms.
Unloading 2080 Unused Serialized files (Serialized files now loaded: 0)
System memory in use before: 107.7 MB.
System memory in use after: 107.9 MB.

Unloading 16 unused Assets to reduce memory usage. Loaded Objects now: 2804.
Total: 2.994719 ms (FindLiveObjects: 0.236062 ms CreateObjectMapping: 0.161010 ms MarkObjects: 2.554026 ms  DeleteObjects: 0.042658 ms)

========================================================================
Received Prepare
Registering precompiled user dll's ...
Registered in 0.003513 seconds.
Begin MonoManager ReloadAssembly
Native extension for WindowsStandalone target not found
Native extension for WebGL target not found
Refreshing native plugins compatible for Editor in 0.53 ms, found 3 plugins.
Preloading 0 native plugins for Editor in 0.00 ms.
Mono: successfully reloaded assembly
- Completed reload, in  1.163 seconds
Platform modules already initialized, skipping
Refreshing native plugins compatible for Editor in 0.50 ms, found 3 plugins.
Preloading 0 native plugins for Editor in 0.00 ms.
Unloading 2080 Unused Serialized files (Serialized files now loaded: 0)
System memory in use before: 107.7 MB.
System memory in use after: 107.9 MB.

Unloading 16 unused Assets to reduce memory usage. Loaded Objects now: 2808.
Total: 2.723696 ms (FindLiveObjects: 0.277437 ms CreateObjectMapping: 0.186348 ms MarkObjects: 2.235856 ms  DeleteObjects: 0.022772 ms)

========================================================================
Received Import Request.
  Time since last request: 7924.014316 seconds.
  path: Assets/Prefab/BattleshipEnemy.prefab
  artifactKey: Guid(e4523893de147b749ba74d7066fde869) Importer(815301076,1909f56bfc062723c751e8b465ee728b)
Start importing Assets/Prefab/BattleshipEnemy.prefab using Guid(e4523893de147b749ba74d7066fde869) Importer(815301076,1909f56bfc062723c751e8b465ee728b)  -> (artifact id: 'e3e0e7a7fc1223bd5dba77401a308d6a') in 3.031848 seconds
  Import took 3.121048 seconds .

========================================================================
Received Import Request.
  Time since last request: 56.066761 seconds.
  path: Assets/Prefab/PlayerBullet.prefab
  artifactKey: Guid(b9cb5eb0095befd41861d9bf612ba3c7) Importer(815301076,1909f56bfc062723c751e8b465ee728b)
Start importing Assets/Prefab/PlayerBullet.prefab using Guid(b9cb5eb0095befd41861d9bf612ba3c7) Importer(815301076,1909f56bfc062723c751e8b465ee728b)  -> (artifact id: 'e21a0185415d8e4fde686be960e28266') in 0.089477 seconds
  Import took 0.094347 seconds .

========================================================================
Received Import Request.
  Time since last request: 13.239331 seconds.
  path: Assets/Prefab/PlayerBullet.prefab
  artifactKey: Guid(b9cb5eb0095befd41861d9bf612ba3c7) Importer(815301076,1909f56bfc062723c751e8b465ee728b)
Start importing Assets/Prefab/PlayerBullet.prefab using Guid(b9cb5eb0095befd41861d9bf612ba3c7) Importer(815301076,1909f56bfc062723c751e8b465ee728b)  -> (artifact id: 'e14725739224cde010b8d9b1f50b851c') in 0.030543 seconds
  Import took 0.035272 seconds .

========================================================================
Received Prepare
Registering precompiled user dll's ...
Registered in 0.003776 seconds.
Begin MonoManager ReloadAssembly
Native extension for WindowsStandalone target not found
Native extension for WebGL target not found
Refreshing native plugins compatible for Editor in 0.55 ms, found 3 plugins.
Preloading 0 native plugins for Editor in 0.00 ms.
Mono: successfully reloaded assembly
- Completed reload, in  1.262 seconds
Platform modules already initialized, skipping
Refreshing native plugins compatible for Editor in 0.55 ms, found 3 plugins.
Preloading 0 native plugins for Editor in 0.00 ms.
Unloading 2080 Unused Serialized files (Serialized files now loaded: 0)
System memory in use before: 107.7 MB.
System memory in use after: 107.9 MB.

Unloading 16 unused Assets to reduce memory usage. Loaded Objects now: 2813.
Total: 2.880216 ms (FindLiveObjects: 0.268457 ms CreateObjectMapping: 0.101353 ms MarkObjects: 2.478012 ms  DeleteObjects: 0.031432 ms)

========================================================================
Received Prepare
Registering precompiled user dll's ...
Registered in 0.003603 seconds.
Begin MonoManager ReloadAssembly
Native extension for WindowsStandalone target not found
Native extension for WebGL target not found
Refreshing native plugins compatible for Editor in 0.52 ms, found 3 plugins.
Preloading 0 native plugins for Editor in 0.00 ms.
Mono: successfully reloaded assembly
- Completed reload, in  1.220 seconds
Platform modules already initialized, skipping
Refreshing native plugins compatible for Editor in 0.54 ms, found 3 plugins.
Preloading 0 native plugins for Editor in 0.00 ms.
Unloading 2080 Unused Serialized files (Serialized files now loaded: 0)
System memory in use before: 107.7 MB.
System memory in use after: 107.9 MB.

Unloading 16 unused Assets to reduce memory usage. Loaded Objects now: 2817.
Total: 3.054376 ms (FindLiveObjects: 0.307587 ms CreateObjectMapping: 0.191480 ms MarkObjects: 2.533179 ms  DeleteObjects: 0.020206 ms)

========================================================================
Received Prepare
Registering precompiled user dll's ...
Registered in 0.003548 seconds.
Begin MonoManager ReloadAssembly
Native extension for WindowsStandalone target not found
Native extension for WebGL target not found
Refreshing native plugins compatible for Editor in 0.80 ms, found 3 plugins.
Preloading 0 native plugins for Editor in 0.00 ms.
Mono: successfully reloaded assembly
- Completed reload, in  1.207 seconds
Platform modules already initialized, skipping
Refreshing native plugins compatible for Editor in 0.54 ms, found 3 plugins.
Preloading 0 native plugins for Editor in 0.00 ms.
Unloading 2080 Unused Serialized files (Serialized files now loaded: 0)
System memory in use before: 107.7 MB.
System memory in use after: 107.9 MB.

Unloading 16 unused Assets to reduce memory usage. Loaded Objects now: 2821.
Total: 2.800673 ms (FindLiveObjects: 0.314963 ms CreateObjectMapping: 0.126050 ms MarkObjects: 2.324379 ms  DeleteObjects: 0.033998 ms)

========================================================================
Received Prepare
Registering precompiled user dll's ...
Registered in 0.003435 seconds.
Begin MonoManager ReloadAssembly
Native extension for WindowsStandalone target not found
Native extension for WebGL target not found
Refreshing native plugins compatible for Editor in 0.61 ms, found 3 plugins.
Preloading 0 native plugins for Editor in 0.00 ms.
Mono: successfully reloaded assembly
- Completed reload, in  1.273 seconds
Platform modules already initialized, skipping
Refreshing native plugins compatible for Editor in 0.54 ms, found 3 plugins.
Preloading 0 native plugins for Editor in 0.00 ms.
Unloading 2080 Unused Serialized files (Serialized files now loaded: 0)
System memory in use before: 107.7 MB.
System memory in use after: 107.9 MB.

Unloading 16 unused Assets to reduce memory usage. Loaded Objects now: 2825.
Total: 4.027812 ms (FindLiveObjects: 0.383601 ms CreateObjectMapping: 0.127653 ms MarkObjects: 3.485125 ms  DeleteObjects: 0.028866 ms)

========================================================================
Received Prepare
Registering precompiled user dll's ...
Registered in 0.003461 seconds.
Begin MonoManager ReloadAssembly
Native extension for WindowsStandalone target not found
Native extension for WebGL target not found
Refreshing native plugins compatible for Editor in 0.62 ms, found 3 plugins.
Preloading 0 native plugins for Editor in 0.00 ms.
Mono: successfully reloaded assembly
- Completed reload, in  1.177 seconds
Platform modules already initialized, skipping
Refreshing native plugins compatible for Editor in 0.54 ms, found 3 plugins.
Preloading 0 native plugins for Editor in 0.00 ms.
Unloading 2080 Unused Serialized files (Serialized files now loaded: 0)
System memory in use before: 107.7 MB.
System memory in use after: 107.9 MB.

Unloading 16 unused Assets to reduce memory usage. Loaded Objects now: 2829.
Total: 3.167917 ms (FindLiveObjects: 0.249212 ms CreateObjectMapping: 0.127012 ms MarkObjects: 2.766354 ms  DeleteObjects: 0.023735 ms)

========================================================================
Received Prepare
Registering precompiled user dll's ...
Registered in 0.003888 seconds.
Begin MonoManager ReloadAssembly
Native extension for WindowsStandalone target not found
Native extension for WebGL target not found
Refreshing native plugins compatible for Editor in 0.67 ms, found 3 plugins.
Preloading 0 native plugins for Editor in 0.00 ms.
Mono: successfully reloaded assembly
- Completed reload, in  3.024 seconds
Platform modules already initialized, skipping
Refreshing native plugins compatible for Editor in 0.67 ms, found 3 plugins.
Preloading 0 native plugins for Editor in 0.00 ms.
Unloading 2080 Unused Serialized files (Serialized files now loaded: 0)
System memory in use before: 107.7 MB.
System memory in use after: 108.0 MB.

Unloading 16 unused Assets to reduce memory usage. Loaded Objects now: 2833.
Total: 3.065602 ms (FindLiveObjects: 0.339981 ms CreateObjectMapping: 0.187310 ms MarkObjects: 2.517783 ms  DeleteObjects: 0.019565 ms)

========================================================================
Received Prepare
Registering precompiled user dll's ...
Registered in 0.003762 seconds.
Begin MonoManager ReloadAssembly
Native extension for WindowsStandalone target not found
Native extension for WebGL target not found
Refreshing native plugins compatible for Editor in 0.55 ms, found 3 plugins.
Preloading 0 native plugins for Editor in 0.00 ms.
Mono: successfully reloaded assembly
- Completed reload, in  1.207 seconds
Platform modules already initialized, skipping
Refreshing native plugins compatible for Editor in 0.65 ms, found 3 plugins.
Preloading 0 native plugins for Editor in 0.00 ms.
Unloading 2080 Unused Serialized files (Serialized files now loaded: 0)
System memory in use before: 107.7 MB.
System memory in use after: 108.0 MB.

Unloading 16 unused Assets to reduce memory usage. Loaded Objects now: 2837.
Total: 2.787844 ms (FindLiveObjects: 0.263325 ms CreateObjectMapping: 0.100070 ms MarkObjects: 2.395903 ms  DeleteObjects: 0.027263 ms)

========================================================================
Received Prepare
Registering precompiled user dll's ...
Registered in 0.003574 seconds.
Begin MonoManager ReloadAssembly
Native extension for WindowsStandalone target not found
Native extension for WebGL target not found
Refreshing native plugins compatible for Editor in 0.83 ms, found 3 plugins.
Preloading 0 native plugins for Editor in 0.00 ms.
Mono: successfully reloaded assembly
- Completed reload, in  1.225 seconds
Platform modules already initialized, skipping
Refreshing native plugins compatible for Editor in 0.54 ms, found 3 plugins.
Preloading 0 native plugins for Editor in 0.00 ms.
Unloading 2080 Unused Serialized files (Serialized files now loaded: 0)
System memory in use before: 107.8 MB.
System memory in use after: 108.0 MB.

Unloading 16 unused Assets to reduce memory usage. Loaded Objects now: 2841.
Total: 2.813182 ms (FindLiveObjects: 0.247288 ms CreateObjectMapping: 0.132785 ms MarkObjects: 2.379546 ms  DeleteObjects: 0.052280 ms)

========================================================================
Received Prepare
Registering precompiled user dll's ...
Registered in 0.003411 seconds.
Begin MonoManager ReloadAssembly
Native extension for WindowsStandalone target not found
Native extension for WebGL target not found
Refreshing native plugins compatible for Editor in 0.57 ms, found 3 plugins.
Preloading 0 native plugins for Editor in 0.00 ms.
Mono: successfully reloaded assembly
- Completed reload, in  1.238 seconds
Platform modules already initialized, skipping
Refreshing native plugins compatible for Editor in 0.69 ms, found 3 plugins.
Preloading 0 native plugins for Editor in 0.00 ms.
Unloading 2080 Unused Serialized files (Serialized files now loaded: 0)
System memory in use before: 107.8 MB.
System memory in use after: 108.0 MB.

Unloading 16 unused Assets to reduce memory usage. Loaded Objects now: 2845.
Total: 2.737809 ms (FindLiveObjects: 0.242798 ms CreateObjectMapping: 0.126050 ms MarkObjects: 2.336567 ms  DeleteObjects: 0.031432 ms)

